[16:50:10] This is prokka 1.13
[16:50:10] Written by Torsten Seemann <torsten.seemann@gmail.com>
[16:50:10] Homepage is https://github.com/tseemann/prokka
[16:50:10] Local time is Tue May 22 16:50:10 2018
[16:50:10] You are schultzm
[16:50:10] Operating system is linux
[16:50:10] You have BioPerl 1.007001
[16:50:10] System has 72 cores.
[16:50:10] Will use maximum of 2 cores.
[16:50:10] Annotating as >>> Bacteria <<<
[16:50:10] Enabling options to ensure Genbank/ENA/DDJB submission compliance.
[16:50:10] Creating new output folder: prokka/2018-09687
[16:50:10] Running: mkdir -p prokka\/2018\-09687
[16:50:10] Using filename prefix: 2018-09687.XXX
[16:50:10] Setting HMMER_NCPU=1
[16:50:10] Writing log to: prokka/2018-09687/2018-09687.log
[16:50:10] Command: /home/tseemann/git/prokka/bin/prokka --centre X --compliant --locustag 2018-09687 --prefix 2018-09687 --fast --quiet --outdir prokka/2018-09687 --cpus 2 --norrna --notrna --force /mnt/seq/MDU/QC/2018-09687/contigs.fa
[16:50:10] Appending to PATH: /home/tseemann/git/prokka/bin/../binaries/linux
[16:50:10] Appending to PATH: /home/tseemann/git/prokka/bin/../binaries/linux/../common
[16:50:10] Appending to PATH: /home/tseemann/git/prokka/bin
[16:50:10] Looking for 'aragorn' - found /home/linuxbrew/.linuxbrew/bin/aragorn
[16:50:10] Determined aragorn version is 1.2
[16:50:10] Looking for 'barrnap' - found /home/tseemann/git/barrnap/bin/barrnap
[16:50:10] Determined barrnap version is 0.9
[16:50:10] Looking for 'blastp' - found /home/linuxbrew/.linuxbrew/bin/blastp
[16:50:10] Determined blastp version is 2.7
[16:50:10] Looking for 'cmpress' - found /home/linuxbrew/.linuxbrew/bin/cmpress
[16:50:11] Determined cmpress version is 1.1
[16:50:11] Looking for 'cmscan' - found /home/linuxbrew/.linuxbrew/bin/cmscan
[16:50:11] Determined cmscan version is 1.1
[16:50:11] Looking for 'egrep' - found /usr/bin/egrep
[16:50:11] Looking for 'find' - found /usr/bin/find
[16:50:11] Looking for 'grep' - found /usr/bin/grep
[16:50:11] Looking for 'hmmpress' - found /home/linuxbrew/.linuxbrew/bin/hmmpress
[16:50:11] Determined hmmpress version is 3.1
[16:50:11] Looking for 'hmmscan' - found /home/linuxbrew/.linuxbrew/bin/hmmscan
[16:50:11] Determined hmmscan version is 3.1
[16:50:11] Looking for 'java' - found /home/linuxbrew/.linuxbrew/bin/java
[16:50:11] Looking for 'less' - found /home/linuxbrew/.linuxbrew/bin/less
[16:50:11] Looking for 'makeblastdb' - found /home/linuxbrew/.linuxbrew/bin/makeblastdb
[16:50:11] Determined makeblastdb version is 2.7
[16:50:11] Looking for 'minced' - found /home/linuxbrew/.linuxbrew/bin/minced
[16:50:11] Determined minced version is 3.0
[16:50:11] Looking for 'parallel' - found /home/linuxbrew/.linuxbrew/bin/parallel
[16:50:11] Determined parallel version is 20180422
[16:50:11] Looking for 'prodigal' - found /home/linuxbrew/.linuxbrew/bin/prodigal
[16:50:11] Determined prodigal version is 2.6
[16:50:11] Looking for 'prokka-genbank_to_fasta_db' - found /home/tseemann/git/prokka/bin/prokka-genbank_to_fasta_db
[16:50:11] Looking for 'rnammer' - found /home/linuxbrew/.linuxbrew/bin/rnammer
[16:50:11] Determined rnammer version is 1.2
[16:50:11] Looking for 'sed' - found /home/linuxbrew/.linuxbrew/bin/sed
[16:50:11] Looking for 'tbl2asn' - found /home/linuxbrew/.linuxbrew/bin/tbl2asn
[16:50:11] Determined tbl2asn version is 25.6
[16:50:11] Using genetic code table 11.
[16:50:11] Loading and checking input file: /mnt/seq/MDU/QC/2018-09687/contigs.fa
[16:50:11] Skipping short (<200 bp) contig: 2018-09687_00133
[16:50:11] Skipping short (<200 bp) contig: 2018-09687_00134
[16:50:11] Skipping short (<200 bp) contig: 2018-09687_00135
[16:50:11] Skipping short (<200 bp) contig: 2018-09687_00136
[16:50:11] Skipping short (<200 bp) contig: 2018-09687_00137
[16:50:11] Skipping short (<200 bp) contig: 2018-09687_00138
[16:50:11] Skipping short (<200 bp) contig: 2018-09687_00139
[16:50:11] Skipping short (<200 bp) contig: 2018-09687_00140
[16:50:11] Skipping short (<200 bp) contig: 2018-09687_00141
[16:50:11] Skipping short (<200 bp) contig: 2018-09687_00142
[16:50:11] Skipping short (<200 bp) contig: 2018-09687_00143
[16:50:11] Skipping short (<200 bp) contig: 2018-09687_00144
[16:50:11] Skipping short (<200 bp) contig: 2018-09687_00145
[16:50:11] Skipping short (<200 bp) contig: 2018-09687_00146
[16:50:11] Skipping short (<200 bp) contig: 2018-09687_00147
[16:50:11] Skipping short (<200 bp) contig: 2018-09687_00148
[16:50:11] Skipping short (<200 bp) contig: 2018-09687_00149
[16:50:11] Skipping short (<200 bp) contig: 2018-09687_00150
[16:50:11] Wrote 132 contigs totalling 5200683 bp.
[16:50:11] Skipping tRNA search at user request.
[16:50:11] Disabling rRNA search: --kingdom=Bacteria or --norrna=1
[16:50:11] Skipping ncRNA search, enable with --rfam if desired.
[16:50:11] Total of 0 tRNA + rRNA features
[16:50:11] Searching for CRISPR repeats
[16:50:12] Found 0 CRISPRs
[16:50:12] Predicting coding sequences
[16:50:12] Contigs total 5200683 bp, so using single mode
[16:50:12] Running: prodigal -i prokka\/2018\-09687\/2018\-09687\.fna -c -m -g 11 -p single -f sco -q
[16:50:19] Found 4872 CDS
[16:50:19] Connecting features back to sequences
[16:50:19] Not using genus-specific database. Try --usegenus to enable it.
[16:50:19] Annotating CDS, please be patient.
[16:50:19] Will use 2 CPUs for similarity searching.
[16:50:21] There are still 4872 unannotated CDS left (started with 4872)
[16:50:21] Will use blast to search against /home/tseemann/git/prokka/bin/../db/kingdom/Bacteria/sprot with 2 CPUs
[16:50:21] Running: cat prokka\/2018\-09687\/sprot\.faa | parallel --gnu --plain -j 2 --block 391991 --recstart '>' --pipe blastp -query - -db /home/tseemann/git/prokka/bin/../db/kingdom/Bacteria/sprot -evalue 1e-06 -num_threads 1 -num_descriptions 1 -num_alignments 1 -seg no > prokka\/2018\-09687\/sprot\.blast 2> /dev/null
[16:51:54] Could not run command: cat prokka\/2018\-09687\/sprot\.faa | parallel --gnu --plain -j 2 --block 391991 --recstart '>' --pipe blastp -query - -db /home/tseemann/git/prokka/bin/../db/kingdom/Bacteria/sprot -evalue 1e-06 -num_threads 1 -num_descriptions 1 -num_alignments 1 -seg no > prokka\/2018\-09687\/sprot\.blast 2> /dev/null
